#! /usr/local/bin/vvp
:ivl_version "13.0 (devel)" "(s20250103-26-gb0c57ab17)";
:ivl_delay_selection "TYPICAL";
:vpi_time_precision + 0;
:vpi_module "/usr/local/lib/ivl/system.vpi";
:vpi_module "/usr/local/lib/ivl/vhdl_sys.vpi";
:vpi_module "/usr/local/lib/ivl/vhdl_textio.vpi";
:vpi_module "/usr/local/lib/ivl/v2005_math.vpi";
:vpi_module "/usr/local/lib/ivl/va_math.vpi";
S_0x5617e0681fa0 .scope module, "Multiplier" "Multiplier" 2 1;
 .timescale 0 0;
    .port_info 0 /INPUT 1 "clk";
    .port_info 1 /INPUT 1 "rst_n";
    .port_info 2 /INPUT 1 "start";
    .port_info 3 /OUTPUT 1 "ready";
    .port_info 4 /INPUT 4 "multiplier";
    .port_info 5 /INPUT 4 "multiplicand";
    .port_info 6 /OUTPUT 8 "product";
P_0x5617e0682130 .param/l "N" 0 2 2, +C4<00000000000000000000000000000100>;
o0x7fd7dcf68018 .functor BUFZ 1, c4<z>; HiZ drive
v0x5617e06822e0_0 .net "clk", 0 0, o0x7fd7dcf68018;  0 drivers
v0x5617e06cce70_0 .var/i "i", 31 0;
o0x7fd7dcf68078 .functor BUFZ 4, c4<zzzz>; HiZ drive
v0x5617e06ccf50_0 .net "multiplicand", 3 0, o0x7fd7dcf68078;  0 drivers
o0x7fd7dcf680a8 .functor BUFZ 4, c4<zzzz>; HiZ drive
v0x5617e06cd040_0 .net "multiplier", 3 0, o0x7fd7dcf680a8;  0 drivers
v0x5617e06cd120_0 .var "product", 7 0;
v0x5617e06cd250_0 .var "ready", 0 0;
o0x7fd7dcf68138 .functor BUFZ 1, c4<z>; HiZ drive
v0x5617e06cd310_0 .net "rst_n", 0 0, o0x7fd7dcf68138;  0 drivers
o0x7fd7dcf68168 .functor BUFZ 1, c4<z>; HiZ drive
v0x5617e06cd3d0_0 .net "start", 0 0, o0x7fd7dcf68168;  0 drivers
E_0x5617e06ba600/0 .event negedge, v0x5617e06cd310_0;
E_0x5617e06ba600/1 .event posedge, v0x5617e06822e0_0;
E_0x5617e06ba600 .event/or E_0x5617e06ba600/0, E_0x5617e06ba600/1;
    .scope S_0x5617e0681fa0;
T_0 ;
    %wait E_0x5617e06ba600;
    %load/vec4 v0x5617e06cd310_0;
    %nor/r;
    %flag_set/vec4 8;
    %jmp/0xz  T_0.0, 8;
    %pushi/vec4 0, 0, 1;
    %store/vec4 v0x5617e06cd250_0, 0, 1;
    %pushi/vec4 0, 0, 8;
    %store/vec4 v0x5617e06cd120_0, 0, 8;
    %jmp T_0.1;
T_0.0 ;
    %load/vec4 v0x5617e06cd3d0_0;
    %flag_set/vec4 8;
    %jmp/0xz  T_0.2, 8;
    %pushi/vec4 0, 0, 32;
    %store/vec4 v0x5617e06cce70_0, 0, 32;
T_0.4 ; Top of for-loop
    %load/vec4 v0x5617e06cce70_0;
    %cmpi/s 4, 0, 32;
	  %jmp/0xz T_0.5, 5;
    %load/vec4 v0x5617e06cd120_0;
    %load/vec4 v0x5617e06ccf50_0;
    %load/vec4 v0x5617e06cce70_0;
    %part/s 1;
    %pad/u 8;
    %load/vec4 v0x5617e06cd040_0;
    %load/vec4 v0x5617e06cce70_0;
    %part/s 1;
    %pad/u 8;
    %mul;
    %add;
    %store/vec4 v0x5617e06cd120_0, 0, 8;
T_0.6 ; for-loop step statement
    %load/vec4 v0x5617e06cce70_0;
    %addi 1, 0, 32;
    %store/vec4 v0x5617e06cce70_0, 0, 32;
    %jmp T_0.4;
T_0.5 ; for-loop exit label
    %load/vec4 v0x5617e06cd250_0;
    %inv;
    %store/vec4 v0x5617e06cd250_0, 0, 1;
T_0.2 ;
T_0.1 ;
    %jmp T_0;
    .thread T_0;
# The file index is used to find the file name in the following table.
:file_names 3;
    "N/A";
    "<interactive>";
    "multiplicador.v";
